<?xml version="1.0" encoding="UTF-8"?>
<!-- Generated by org.testng.reporters.JUnitReportReporter -->
<testsuite ignored="0" hostname="usuarios-MacBook-Air.local" failures="0" tests="1" name="loginTest.TC_02_incorrectLogin" time="1.169" errors="0" timestamp="10 oct. 2020 14:49:58 GMT" skipped="0">
  <testcase classname="loginTest.TC_02_incorrectLogin" name="TC_02" time="1.169"/>
</testsuite> <!-- loginTest.TC_02_incorrectLogin -->
