<?xml version="1.0" encoding="UTF-8"?>
<!-- Generated by org.testng.reporters.JUnitReportReporter -->
<testsuite ignored="0" hostname="usuarios-MacBook-Air.local" failures="0" tests="1" name="loginTest.TC_01_correctLogin" time="1.724" errors="0" timestamp="10 oct. 2020 14:27:23 GMT" skipped="0">
  <testcase classname="loginTest.TC_01_correctLogin" name="TC_01" time="1.724"/>
</testsuite> <!-- loginTest.TC_01_correctLogin -->
