<?xml version="1.0" encoding="UTF-8"?>
<!-- Generated by org.testng.reporters.JUnitReportReporter -->
<testsuite ignored="0" hostname="usuarios-MacBook-Air.local" failures="0" tests="1" name="loginTest.TC_03_logout" time="2.638" errors="0" timestamp="10 oct. 2020 16:27:41 GMT" skipped="0">
  <testcase classname="loginTest.TC_03_logout" name="TC_01" time="2.638"/>
</testsuite> <!-- loginTest.TC_03_logout -->
